<Event xmlns='http://schemas.microsoft.com/win/2004/08/events/event'><System><Provider Name='Microsoft-Windows-Sysmon' Guid='{5770385f-c22a-43e0-bf4c-06f5698ffbd9}'/><EventID>11</EventID><Version>2</Version><Level>4</Level><Task>11</Task><Opcode>0</Opcode><Keywords>0x8000000000000000</Keywords><TimeCreated SystemTime='2019-11-14T09:30:41.450679200Z'/><EventRecordID>37366</EventRecordID><Correlation/><Execution ProcessID='2264' ThreadID='3080'/><Channel>Microsoft-Windows-Sysmon/Operational</Channel><Computer>WinDev1910Eval</Computer><Security UserID='S-1-5-18'/></System><EventData><Data Name='RuleName'></Data><Data Name='UtcTime'>2019-11-14 09:30:41.437</Data><Data Name='ProcessGuid'>{49926e27-1ebd-5dcd-0000-0010d3d32801}</Data><Data Name='ProcessId'>1288</Data><Data Name='Image'>C:\Users\User\Downloads\AcrobatPortable\AcrobatPortable\App\Acrobat\Acrobat.exe</Data><Data Name='TargetFilename'>C:\Users\User\Downloads\AcrobatPortable\AcrobatPortable\Data\CommonFiles\Adobe PCD\cache\F2E1E2A317BF</Data><Data Name='CreationUtcTime'>2019-11-14 08:01:55.092</Data></EventData><RenderingInfo Culture='en-US'><Message>File created:
RuleName: 
UtcTime: 2019-11-14 09:30:41.437
ProcessGuid: {49926e27-1ebd-5dcd-0000-0010d3d32801}
ProcessId: 1288
Image: C:\Users\User\Downloads\AcrobatPortable\AcrobatPortable\App\Acrobat\Acrobat.exe
TargetFilename: C:\Users\User\Downloads\AcrobatPortable\AcrobatPortable\Data\CommonFiles\Adobe PCD\cache\F2E1E2A317BF
CreationUtcTime: 2019-11-14 08:01:55.092</Message><Level>Information</Level><Task>File created (rule: FileCreate)</Task><Opcode>Info</Opcode><Channel></Channel><Provider></Provider><Keywords></Keywords></RenderingInfo></Event><Event xmlns='http://schemas.microsoft.com/win/2004/08/events/event'><System><Provider Name='Microsoft-Windows-Sysmon' Guid='{5770385f-c22a-43e0-bf4c-06f5698ffbd9}'/><EventID>12</EventID><Version>2</Version><Level>4</Level><Task>12</Task><Opcode>0</Opcode><Keywords>0x8000000000000000</Keywords><TimeCreated SystemTime='2019-11-14T09:30:37.944142300Z'/><EventRecordID>37365</EventRecordID><Correlation/><Execution ProcessID='2264' ThreadID='3080'/><Channel>Microsoft-Windows-Sysmon/Operational</Channel><Computer>WinDev1910Eval</Computer><Security UserID='S-1-5-18'/></System><EventData><Data Name='RuleName'></Data><Data Name='EventType'>CreateKey</Data><Data Name='UtcTime'>2019-11-14 09:30:37.890</Data><Data Name='ProcessGuid'>{49926e27-fe01-5dcc-0000-0010f9490400}</Data><Data Name='ProcessId'>3468</Data><Data Name='Image'>C:\Windows\Explorer.EXE</Data><Data Name='TargetObject'>HKU\S-1-5-21-3589201120-3083077123-1171929968-1001\Software\Microsoft\Windows\CurrentVersion\Explorer\FileExts\.pdf</Data></EventData><RenderingInfo Culture='en-US'><Message>Registry object added or deleted:
RuleName: 
EventType: CreateKey
UtcTime: 2019-11-14 09:30:37.890
ProcessGuid: {49926e27-fe01-5dcc-0000-0010f9490400}
ProcessId: 3468
Image: C:\Windows\Explorer.EXE
TargetObject: HKU\S-1-5-21-3589201120-3083077123-1171929968-1001\Software\Microsoft\Windows\CurrentVersion\Explorer\FileExts\.pdf</Message><Level>Information</Level><Task>Registry object added or deleted (rule: RegistryEvent)</Task><Opcode>Info</Opcode><Channel></Channel><Provider></Provider><Keywords></Keywords></RenderingInfo></Event><Event xmlns='http://schemas.microsoft.com/win/2004/08/events/event'><System><Provider Name='Microsoft-Windows-Sysmon' Guid='{5770385f-c22a-43e0-bf4c-06f5698ffbd9}'/><EventID>12</EventID><Version>2</Version><Level>4</Level><Task>12</Task><Opcode>0</Opcode><Keywords>0x8000000000000000</Keywords><TimeCreated SystemTime='2019-11-14T09:30:37.941506400Z'/><EventRecordID>37364</EventRecordID><Correlation/><Execution ProcessID='2264' ThreadID='3080'/><Channel>Microsoft-Windows-Sysmon/Operational</Channel><Computer>WinDev1910Eval</Computer><Security UserID='S-1-5-18'/></System><EventData><Data Name='RuleName'></Data><Data Name='EventType'>CreateKey</Data><Data Name='UtcTime'>2019-11-14 09:30:37.890</Data><Data Name='ProcessGuid'>{49926e27-fe01-5dcc-0000-0010f9490400}</Data><Data Name='ProcessId'>3468</Data><Data Name='Image'>C:\Windows\Explorer.EXE</Data><Data Name='TargetObject'>HKU\S-1-5-21-3589201120-3083077123-1171929968-1001\Software\Microsoft\Windows\CurrentVersion\Explorer\FileExts\.pdf</Data></EventData><RenderingInfo Culture='en-US'><Message>Registry object added or deleted:
RuleName: 
EventType: CreateKey
UtcTime: 2019-11-14 09:30:37.890
ProcessGuid: {49926e27-fe01-5dcc-0000-0010f9490400}
ProcessId: 3468
Image: C:\Windows\Explorer.EXE
TargetObject: HKU\S-1-5-21-3589201120-3083077123-1171929968-1001\Software\Microsoft\Windows\CurrentVersion\Explorer\FileExts\.pdf</Message><Level>Information</Level><Task>Registry object added or deleted (rule: RegistryEvent)</Task><Opcode>Info</Opcode><Channel></Channel><Provider></Provider><Keywords></Keywords></RenderingInfo></Event><Event xmlns='http://schemas.microsoft.com/win/2004/08/events/event'><System><Provider Name='Microsoft-Windows-Sysmon' Guid='{5770385f-c22a-43e0-bf4c-06f5698ffbd9}'/><EventID>12</EventID><Version>2</Version><Level>4</Level><Task>12</Task><Opcode>0</Opcode><Keywords>0x8000000000000000</Keywords><TimeCreated SystemTime='2019-11-14T09:30:37.941244200Z'/><EventRecordID>37363</EventRecordID><Correlation/><Execution ProcessID='2264' ThreadID='3080'/><Channel>Microsoft-Windows-Sysmon/Operational</Channel><Computer>WinDev1910Eval</Computer><Security UserID='S-1-5-18'/></System><EventData><Data Name='RuleName'></Data><Data Name='EventType'>CreateKey</Data><Data Name='UtcTime'>2019-11-14 09:30:37.890</Data><Data Name='ProcessGuid'>{49926e27-fe01-5dcc-0000-0010f9490400}</Data><Data Name='ProcessId'>3468</Data><Data Name='Image'>C:\Windows\Explorer.EXE</Data><Data Name='TargetObject'>HKU\S-1-5-21-3589201120-3083077123-1171929968-1001\Software\Microsoft\Windows\CurrentVersion\Explorer\FileExts\.pdf</Data></EventData><RenderingInfo Culture='en-US'><Message>Registry object added or deleted:
RuleName: 
EventType: CreateKey
UtcTime: 2019-11-14 09:30:37.890
ProcessGuid: {49926e27-fe01-5dcc-0000-0010f9490400}
ProcessId: 3468
Image: C:\Windows\Explorer.EXE
TargetObject: HKU\S-1-5-21-3589201120-3083077123-1171929968-1001\Software\Microsoft\Windows\CurrentVersion\Explorer\FileExts\.pdf</Message><Level>Information</Level><Task>Registry object added or deleted (rule: RegistryEvent)</Task><Opcode>Info</Opcode><Channel></Channel><Provider></Provider><Keywords></Keywords></RenderingInfo></Event><Event xmlns='http://schemas.microsoft.com/win/2004/08/events/event'><System><Provider Name='Microsoft-Windows-Sysmon' Guid='{5770385f-c22a-43e0-bf4c-06f5698ffbd9}'/><EventID>1</EventID><Version>5</Version><Level>4</Level><Task>1</Task><Opcode>0</Opcode><Keywords>0x8000000000000000</Keywords><TimeCreated SystemTime='2019-11-14T09:30:37.589221000Z'/><EventRecordID>37362</EventRecordID><Correlation/><Execution ProcessID='2264' ThreadID='3080'/><Channel>Microsoft-Windows-Sysmon/Operational</Channel><Computer>WinDev1910Eval</Computer><Security UserID='S-1-5-18'/></System><EventData><Data Name='RuleName'></Data><Data Name='UtcTime'>2019-11-14 09:30:37.549</Data><Data Name='ProcessGuid'>{49926e27-1ebd-5dcd-0000-0010d3d32801}</Data><Data Name='ProcessId'>1288</Data><Data Name='Image'>C:\Users\User\Downloads\AcrobatPortable\AcrobatPortable\App\Acrobat\Acrobat.exe</Data><Data Name='FileVersion'>15.10.20056.167417</Data><Data Name='Description'>Adobe Acrobat DC </Data><Data Name='Product'>Adobe Acrobat DC</Data><Data Name='Company'>Adobe Systems Incorporated</Data><Data Name='OriginalFileName'>Acrobat.exe</Data><Data Name='CommandLine'>"C:\Users\User\Downloads\AcrobatPortable\AcrobatPortable\App\Acrobat\Acrobat.exe" </Data><Data Name='CurrentDirectory'>C:\Windows\system32\</Data><Data Name='User'>WINDEV1910EVAL\User</Data><Data Name='LogonGuid'>{49926e27-fdfa-5dcc-0000-0020e1530300}</Data><Data Name='LogonId'>0x353e1</Data><Data Name='TerminalSessionId'>1</Data><Data Name='IntegrityLevel'>Medium</Data><Data Name='Hashes'>MD5=65A3830405A8AFD9CDFA9AB4DC0455E9,SHA256=018E34CD2A7F95A1BF69E85EA12B57E0AFD4DC3D736722462E43FEE062B3A2E1</Data><Data Name='ParentProcessGuid'>{49926e27-fe01-5dcc-0000-0010f9490400}</Data><Data Name='ParentProcessId'>3468</Data><Data Name='ParentImage'>C:\Windows\explorer.exe</Data><Data Name='ParentCommandLine'>C:\Windows\Explorer.EXE</Data></EventData><RenderingInfo Culture='en-US'><Message>Process Create:
RuleName: 
UtcTime: 2019-11-14 09:30:37.549
ProcessGuid: {49926e27-1ebd-5dcd-0000-0010d3d32801}
ProcessId: 1288
Image: C:\Users\User\Downloads\AcrobatPortable\AcrobatPortable\App\Acrobat\Acrobat.exe
FileVersion: 15.10.20056.167417
Description: Adobe Acrobat DC 
Product: Adobe Acrobat DC
Company: Adobe Systems Incorporated
OriginalFileName: Acrobat.exe
CommandLine: "C:\Users\User\Downloads\AcrobatPortable\AcrobatPortable\App\Acrobat\Acrobat.exe" 
CurrentDirectory: C:\Windows\system32\
User: WINDEV1910EVAL\User
LogonGuid: {49926e27-fdfa-5dcc-0000-0020e1530300}
LogonId: 0x353E1
TerminalSessionId: 1
IntegrityLevel: Medium
Hashes: MD5=65A3830405A8AFD9CDFA9AB4DC0455E9,SHA256=018E34CD2A7F95A1BF69E85EA12B57E0AFD4DC3D736722462E43FEE062B3A2E1
ParentProcessGuid: {49926e27-fe01-5dcc-0000-0010f9490400}
ParentProcessId: 3468
ParentImage: C:\Windows\explorer.exe
ParentCommandLine: C:\Windows\Explorer.EXE</Message><Level>Information</Level><Task>Process Create (rule: ProcessCreate)</Task><Opcode>Info</Opcode><Channel></Channel><Provider></Provider><Keywords></Keywords></RenderingInfo></Event><Event xmlns='http://schemas.microsoft.com/win/2004/08/events/event'><System><Provider Name='Microsoft-Windows-Sysmon' Guid='{5770385f-c22a-43e0-bf4c-06f5698ffbd9}'/><EventID>13</EventID><Version>2</Version><Level>4</Level><Task>13</Task><Opcode>0</Opcode><Keywords>0x8000000000000000</Keywords><TimeCreated SystemTime='2019-11-14T09:30:37.116732700Z'/><EventRecordID>37361</EventRecordID><Correlation/><Execution ProcessID='2264' ThreadID='3080'/><Channel>Microsoft-Windows-Sysmon/Operational</Channel><Computer>WinDev1910Eval</Computer><Security UserID='S-1-5-18'/></System><EventData><Data Name='RuleName'></Data><Data Name='EventType'>SetValue</Data><Data Name='UtcTime'>2019-11-14 09:30:36.921</Data><Data Name='ProcessGuid'>{49926e27-1eba-5dcd-0000-0010c2722801}</Data><Data Name='ProcessId'>6304</Data><Data Name='Image'>C:\Users\User\Downloads\AcrobatPortable\AcrobatPortable\AcrobatPortable.exe</Data><Data Name='TargetObject'>HKCR\Acrobat.Document.DC\shell\open\command\(Default)</Data><Data Name='Details'>"C:\Users\User\Downloads\AcrobatPortable\AcrobatPortable\App\Acrobat\Acrobat.exe" "%%1"</Data></EventData><RenderingInfo Culture='en-US'><Message>Registry value set:
RuleName: 
EventType: SetValue
UtcTime: 2019-11-14 09:30:36.921
ProcessGuid: {49926e27-1eba-5dcd-0000-0010c2722801}
ProcessId: 6304
Image: C:\Users\User\Downloads\AcrobatPortable\AcrobatPortable\AcrobatPortable.exe
TargetObject: HKCR\Acrobat.Document.DC\shell\open\command\(Default)
Details: "C:\Users\User\Downloads\AcrobatPortable\AcrobatPortable\App\Acrobat\Acrobat.exe" "Incorrect function."</Message><Level>Information</Level><Task>Registry value set (rule: RegistryEvent)</Task><Opcode>Info</Opcode><Channel></Channel><Provider></Provider><Keywords></Keywords></RenderingInfo></Event><Event xmlns='http://schemas.microsoft.com/win/2004/08/events/event'><System><Provider Name='Microsoft-Windows-Sysmon' Guid='{5770385f-c22a-43e0-bf4c-06f5698ffbd9}'/><EventID>1</EventID><Version>5</Version><Level>4</Level><Task>1</Task><Opcode>0</Opcode><Keywords>0x8000000000000000</Keywords><TimeCreated SystemTime='2019-11-14T09:30:35.934773800Z'/><EventRecordID>37360</EventRecordID><Correlation/><Execution ProcessID='2264' ThreadID='3080'/><Channel>Microsoft-Windows-Sysmon/Operational</Channel><Computer>WinDev1910Eval</Computer><Security UserID='S-1-5-18'/></System><EventData><Data Name='RuleName'></Data><Data Name='UtcTime'>2019-11-14 09:30:35.923</Data><Data Name='ProcessGuid'>{49926e27-1ebb-5dcd-0000-0010b2a02801}</Data><Data Name='ProcessId'>6264</Data><Data Name='Image'>C:\Windows\SysWOW64\regedit.exe</Data><Data Name='FileVersion'>10.0.18362.1 (WinBuild.160101.0800)</Data><Data Name='Description'>Registry Editor</Data><Data Name='Product'>Microsoft® Windows® Operating System</Data><Data Name='Company'>Microsoft Corporation</Data><Data Name='OriginalFileName'>REGEDIT.EXE</Data><Data Name='CommandLine'>"C:\Windows\system32\regedit.exe" /s "C:\Users\User\Downloads\AcrobatPortable\AcrobatPortable\Data\settings\Acrobat.reg"</Data><Data Name='CurrentDirectory'>C:\Users\User\Downloads\AcrobatPortable\AcrobatPortable\</Data><Data Name='User'>WINDEV1910EVAL\User</Data><Data Name='LogonGuid'>{49926e27-fdfa-5dcc-0000-0020b3530300}</Data><Data Name='LogonId'>0x353b3</Data><Data Name='TerminalSessionId'>1</Data><Data Name='IntegrityLevel'>High</Data><Data Name='Hashes'>MD5=01CE651BAE4DB16618DF8FF1A517E6E4,SHA256=D5DE45DECFD0FA08AC12F5725DFC7E5AF1E3ED0325559101990FDCF02C439441</Data><Data Name='ParentProcessGuid'>{49926e27-1eba-5dcd-0000-0010c2722801}</Data><Data Name='ParentProcessId'>6304</Data><Data Name='ParentImage'>C:\Users\User\Downloads\AcrobatPortable\AcrobatPortable\AcrobatPortable.exe</Data><Data Name='ParentCommandLine'>"C:\Users\User\Downloads\AcrobatPortable\AcrobatPortable\AcrobatPortable.exe" /UAC:3207B0 /NCRC </Data></EventData><RenderingInfo Culture='en-US'><Message>Process Create:
RuleName: 
UtcTime: 2019-11-14 09:30:35.923
ProcessGuid: {49926e27-1ebb-5dcd-0000-0010b2a02801}
ProcessId: 6264
Image: C:\Windows\SysWOW64\regedit.exe
FileVersion: 10.0.18362.1 (WinBuild.160101.0800)
Description: Registry Editor
Product: Microsoft® Windows® Operating System
Company: Microsoft Corporation
OriginalFileName: REGEDIT.EXE
CommandLine: "C:\Windows\system32\regedit.exe" /s "C:\Users\User\Downloads\AcrobatPortable\AcrobatPortable\Data\settings\Acrobat.reg"
CurrentDirectory: C:\Users\User\Downloads\AcrobatPortable\AcrobatPortable\
User: WINDEV1910EVAL\User
LogonGuid: {49926e27-fdfa-5dcc-0000-0020b3530300}
LogonId: 0x353B3
TerminalSessionId: 1
IntegrityLevel: High
Hashes: MD5=01CE651BAE4DB16618DF8FF1A517E6E4,SHA256=D5DE45DECFD0FA08AC12F5725DFC7E5AF1E3ED0325559101990FDCF02C439441
ParentProcessGuid: {49926e27-1eba-5dcd-0000-0010c2722801}
ParentProcessId: 6304
ParentImage: C:\Users\User\Downloads\AcrobatPortable\AcrobatPortable\AcrobatPortable.exe
ParentCommandLine: "C:\Users\User\Downloads\AcrobatPortable\AcrobatPortable\AcrobatPortable.exe" /UAC:3207B0 /NCRC </Message><Level>Information</Level><Task>Process Create (rule: ProcessCreate)</Task><Opcode>Info</Opcode><Channel></Channel><Provider></Provider><Keywords></Keywords></RenderingInfo></Event><Event xmlns='http://schemas.microsoft.com/win/2004/08/events/event'><System><Provider Name='Microsoft-Windows-Sysmon' Guid='{5770385f-c22a-43e0-bf4c-06f5698ffbd9}'/><EventID>12</EventID><Version>2</Version><Level>4</Level><Task>12</Task><Opcode>0</Opcode><Keywords>0x8000000000000000</Keywords><TimeCreated SystemTime='2019-11-14T09:30:35.919765200Z'/><EventRecordID>37359</EventRecordID><Correlation/><Execution ProcessID='2264' ThreadID='3080'/><Channel>Microsoft-Windows-Sysmon/Operational</Channel><Computer>WinDev1910Eval</Computer><Security UserID='S-1-5-18'/></System><EventData><Data Name='RuleName'></Data><Data Name='EventType'>DeleteKey</Data><Data Name='UtcTime'>2019-11-14 09:30:35.905</Data><Data Name='ProcessGuid'>{49926e27-1eba-5dcd-0000-0010c2722801}</Data><Data Name='ProcessId'>6304</Data><Data Name='Image'>C:\Users\User\Downloads\AcrobatPortable\AcrobatPortable\AcrobatPortable.exe</Data><Data Name='TargetObject'>HKU\S-1-5-21-3589201120-3083077123-1171929968-1001\Software\Microsoft\Windows\CurrentVersion\Explorer\FileExts\.pdf</Data></EventData><RenderingInfo Culture='en-US'><Message>Registry object added or deleted:
RuleName: 
EventType: DeleteKey
UtcTime: 2019-11-14 09:30:35.905
ProcessGuid: {49926e27-1eba-5dcd-0000-0010c2722801}
ProcessId: 6304
Image: C:\Users\User\Downloads\AcrobatPortable\AcrobatPortable\AcrobatPortable.exe
TargetObject: HKU\S-1-5-21-3589201120-3083077123-1171929968-1001\Software\Microsoft\Windows\CurrentVersion\Explorer\FileExts\.pdf</Message><Level>Information</Level><Task>Registry object added or deleted (rule: RegistryEvent)</Task><Opcode>Info</Opcode><Channel></Channel><Provider></Provider><Keywords></Keywords></RenderingInfo></Event><Event xmlns='http://schemas.microsoft.com/win/2004/08/events/event'><System><Provider Name='Microsoft-Windows-Sysmon' Guid='{5770385f-c22a-43e0-bf4c-06f5698ffbd9}'/><EventID>13</EventID><Version>2</Version><Level>4</Level><Task>13</Task><Opcode>0</Opcode><Keywords>0x8000000000000000</Keywords><TimeCreated SystemTime='2019-11-14T09:30:35.914265800Z'/><EventRecordID>37358</EventRecordID><Correlation/><Execution ProcessID='2264' ThreadID='3080'/><Channel>Microsoft-Windows-Sysmon/Operational</Channel><Computer>WinDev1910Eval</Computer><Security UserID='S-1-5-18'/></System><EventData><Data Name='RuleName'></Data><Data Name='EventType'>SetValue</Data><Data Name='UtcTime'>2019-11-14 09:30:35.905</Data><Data Name='ProcessGuid'>{49926e27-1eba-5dcd-0000-0010c2722801}</Data><Data Name='ProcessId'>6304</Data><Data Name='Image'>C:\Users\User\Downloads\AcrobatPortable\AcrobatPortable\AcrobatPortable.exe</Data><Data Name='TargetObject'>HKU\S-1-5-21-3589201120-3083077123-1171929968-1001\Software\PortableApps.com\Keys\HKCU\SOFTWARE\Microsoft\Windows\CurrentVersion\Explorer\FileExts\.pdf\OpenWithList\a</Data><Data Name='Details'>AcrobatPortable.exe</Data></EventData><RenderingInfo Culture='en-US'><Message>Registry value set:
RuleName: 
EventType: SetValue
UtcTime: 2019-11-14 09:30:35.905
ProcessGuid: {49926e27-1eba-5dcd-0000-0010c2722801}
ProcessId: 6304
Image: C:\Users\User\Downloads\AcrobatPortable\AcrobatPortable\AcrobatPortable.exe
TargetObject: HKU\S-1-5-21-3589201120-3083077123-1171929968-1001\Software\PortableApps.com\Keys\HKCU\SOFTWARE\Microsoft\Windows\CurrentVersion\Explorer\FileExts\.pdf\OpenWithList\a
Details: AcrobatPortable.exe</Message><Level>Information</Level><Task>Registry value set (rule: RegistryEvent)</Task><Opcode>Info</Opcode><Channel></Channel><Provider></Provider><Keywords></Keywords></RenderingInfo></Event><Event xmlns='http://schemas.microsoft.com/win/2004/08/events/event'><System><Provider Name='Microsoft-Windows-Sysmon' Guid='{5770385f-c22a-43e0-bf4c-06f5698ffbd9}'/><EventID>12</EventID><Version>2</Version><Level>4</Level><Task>12</Task><Opcode>0</Opcode><Keywords>0x8000000000000000</Keywords><TimeCreated SystemTime='2019-11-14T09:30:35.913942100Z'/><EventRecordID>37357</EventRecordID><Correlation/><Execution ProcessID='2264' ThreadID='3080'/><Channel>Microsoft-Windows-Sysmon/Operational</Channel><Computer>WinDev1910Eval</Computer><Security UserID='S-1-5-18'/></System><EventData><Data Name='RuleName'></Data><Data Name='EventType'>CreateKey</Data><Data Name='UtcTime'>2019-11-14 09:30:35.905</Data><Data Name='ProcessGuid'>{49926e27-1eba-5dcd-0000-0010c2722801}</Data><Data Name='ProcessId'>6304</Data><Data Name='Image'>C:\Users\User\Downloads\AcrobatPortable\AcrobatPortable\AcrobatPortable.exe</Data><Data Name='TargetObject'>HKU\S-1-5-21-3589201120-3083077123-1171929968-1001\Software\PortableApps.com\Keys\HKCU\SOFTWARE\Microsoft\Windows\CurrentVersion\Explorer\FileExts\.pdf</Data></EventData><RenderingInfo Culture='en-US'><Message>Registry object added or deleted:
RuleName: 
EventType: CreateKey
UtcTime: 2019-11-14 09:30:35.905
ProcessGuid: {49926e27-1eba-5dcd-0000-0010c2722801}
ProcessId: 6304
Image: C:\Users\User\Downloads\AcrobatPortable\AcrobatPortable\AcrobatPortable.exe
TargetObject: HKU\S-1-5-21-3589201120-3083077123-1171929968-1001\Software\PortableApps.com\Keys\HKCU\SOFTWARE\Microsoft\Windows\CurrentVersion\Explorer\FileExts\.pdf</Message><Level>Information</Level><Task>Registry object added or deleted (rule: RegistryEvent)</Task><Opcode>Info</Opcode><Channel></Channel><Provider></Provider><Keywords></Keywords></RenderingInfo></Event><Event xmlns='http://schemas.microsoft.com/win/2004/08/events/event'><System><Provider Name='Microsoft-Windows-Sysmon' Guid='{5770385f-c22a-43e0-bf4c-06f5698ffbd9}'/><EventID>5</EventID><Version>3</Version><Level>4</Level><Task>5</Task><Opcode>0</Opcode><Keywords>0x8000000000000000</Keywords><TimeCreated SystemTime='2019-11-14T09:30:35.847862700Z'/><EventRecordID>37356</EventRecordID><Correlation/><Execution ProcessID='2264' ThreadID='3080'/><Channel>Microsoft-Windows-Sysmon/Operational</Channel><Computer>WinDev1910Eval</Computer><Security UserID='S-1-5-18'/></System><EventData><Data Name='RuleName'></Data><Data Name='UtcTime'>2019-11-14 09:30:35.843</Data><Data Name='ProcessGuid'>{49926e27-1ebb-5dcd-0000-001050982801}</Data><Data Name='ProcessId'>3748</Data><Data Name='Image'>C:\Users\User\AppData\Local\Temp\3644dca_12a8VcA_0F09Bcc0.tmp\junction.exe</Data></EventData><RenderingInfo Culture='en-US'><Message>Process terminated:
RuleName: 
UtcTime: 2019-11-14 09:30:35.843
ProcessGuid: {49926e27-1ebb-5dcd-0000-001050982801}
ProcessId: 3748
Image: C:\Users\User\AppData\Local\Temp\3644dca_12a8VcA_0F09Bcc0.tmp\junction.exe</Message><Level>Information</Level><Task>Process terminated (rule: ProcessTerminate)</Task><Opcode>Info</Opcode><Channel></Channel><Provider></Provider><Keywords></Keywords></RenderingInfo></Event><Event xmlns='http://schemas.microsoft.com/win/2004/08/events/event'><System><Provider Name='Microsoft-Windows-Sysmon' Guid='{5770385f-c22a-43e0-bf4c-06f5698ffbd9}'/><EventID>1</EventID><Version>5</Version><Level>4</Level><Task>1</Task><Opcode>0</Opcode><Keywords>0x8000000000000000</Keywords><TimeCreated SystemTime='2019-11-14T09:30:35.779249100Z'/><EventRecordID>37355</EventRecordID><Correlation/><Execution ProcessID='2264' ThreadID='3080'/><Channel>Microsoft-Windows-Sysmon/Operational</Channel><Computer>WinDev1910Eval</Computer><Security UserID='S-1-5-18'/></System><EventData><Data Name='RuleName'></Data><Data Name='UtcTime'>2019-11-14 09:30:35.753</Data><Data Name='ProcessGuid'>{49926e27-1ebb-5dcd-0000-001050982801}</Data><Data Name='ProcessId'>3748</Data><Data Name='Image'>C:\Users\User\AppData\Local\Temp\3644dca_12a8VcA_0F09Bcc0.tmp\junction.exe</Data><Data Name='FileVersion'>1.06</Data><Data Name='Description'>junction</Data><Data Name='Product'>Sysinternals Junction</Data><Data Name='Company'>Sysinternals - www.sysinternals.com</Data><Data Name='OriginalFileName'>junction.exe</Data><Data Name='CommandLine'>"C:\Users\User\AppData\Local\Temp\3644dca_12a8VcA_0F09Bcc0.tmp\junction.exe" -accepteula -q "C:\Program Files (x86)\Common Files\Adobe" "C:\Users\User\Downloads\AcrobatPortable\AcrobatPortable\Data\CommonFiles"</Data><Data Name='CurrentDirectory'>C:\Users\User\Downloads\AcrobatPortable\AcrobatPortable\</Data><Data Name='User'>WINDEV1910EVAL\User</Data><Data Name='LogonGuid'>{49926e27-fdfa-5dcc-0000-0020b3530300}</Data><Data Name='LogonId'>0x353b3</Data><Data Name='TerminalSessionId'>1</Data><Data Name='IntegrityLevel'>High</Data><Data Name='Hashes'>MD5=F1F23D4DF41C5DA5444C97781FF2CAB7,SHA256=343C0764DF76F631702DFD15C52004E65792A1E033F5AE2C8925F35301364A64</Data><Data Name='ParentProcessGuid'>{49926e27-1eba-5dcd-0000-0010c2722801}</Data><Data Name='ParentProcessId'>6304</Data><Data Name='ParentImage'>C:\Users\User\Downloads\AcrobatPortable\AcrobatPortable\AcrobatPortable.exe</Data><Data Name='ParentCommandLine'>"C:\Users\User\Downloads\AcrobatPortable\AcrobatPortable\AcrobatPortable.exe" /UAC:3207B0 /NCRC </Data></EventData><RenderingInfo Culture='en-US'><Message>Process Create:
RuleName: 
UtcTime: 2019-11-14 09:30:35.753
ProcessGuid: {49926e27-1ebb-5dcd-0000-001050982801}
ProcessId: 3748
Image: C:\Users\User\AppData\Local\Temp\3644dca_12a8VcA_0F09Bcc0.tmp\junction.exe
FileVersion: 1.06
Description: junction
Product: Sysinternals Junction
Company: Sysinternals - www.sysinternals.com
OriginalFileName: junction.exe
CommandLine: "C:\Users\User\AppData\Local\Temp\3644dca_12a8VcA_0F09Bcc0.tmp\junction.exe" -accepteula -q "C:\Program Files (x86)\Common Files\Adobe" "C:\Users\User\Downloads\AcrobatPortable\AcrobatPortable\Data\CommonFiles"
CurrentDirectory: C:\Users\User\Downloads\AcrobatPortable\AcrobatPortable\
User: WINDEV1910EVAL\User
LogonGuid: {49926e27-fdfa-5dcc-0000-0020b3530300}
LogonId: 0x353B3
TerminalSessionId: 1
IntegrityLevel: High
Hashes: MD5=F1F23D4DF41C5DA5444C97781FF2CAB7,SHA256=343C0764DF76F631702DFD15C52004E65792A1E033F5AE2C8925F35301364A64
ParentProcessGuid: {49926e27-1eba-5dcd-0000-0010c2722801}
ParentProcessId: 6304
ParentImage: C:\Users\User\Downloads\AcrobatPortable\AcrobatPortable\AcrobatPortable.exe
ParentCommandLine: "C:\Users\User\Downloads\AcrobatPortable\AcrobatPortable\AcrobatPortable.exe" /UAC:3207B0 /NCRC </Message><Level>Information</Level><Task>Process Create (rule: ProcessCreate)</Task><Opcode>Info</Opcode><Channel></Channel><Provider></Provider><Keywords></Keywords></RenderingInfo></Event><Event xmlns='http://schemas.microsoft.com/win/2004/08/events/event'><System><Provider Name='Microsoft-Windows-Sysmon' Guid='{5770385f-c22a-43e0-bf4c-06f5698ffbd9}'/><EventID>2</EventID><Version>4</Version><Level>4</Level><Task>2</Task><Opcode>0</Opcode><Keywords>0x8000000000000000</Keywords><TimeCreated SystemTime='2019-11-14T09:30:35.577666600Z'/><EventRecordID>37354</EventRecordID><Correlation/><Execution ProcessID='2264' ThreadID='3080'/><Channel>Microsoft-Windows-Sysmon/Operational</Channel><Computer>WinDev1910Eval</Computer><Security UserID='S-1-5-18'/></System><EventData><Data Name='RuleName'></Data><Data Name='UtcTime'>2019-11-14 09:30:35.562</Data><Data Name='ProcessGuid'>{49926e27-1eba-5dcd-0000-0010c2722801}</Data><Data Name='ProcessId'>6304</Data><Data Name='Image'>C:\Users\User\Downloads\AcrobatPortable\AcrobatPortable\AcrobatPortable.exe</Data><Data Name='TargetFilename'>C:\Users\User\AppData\Local\Temp\3644dca_12a8VcA_0F09Bcc0.tmp\junction.exe</Data><Data Name='CreationUtcTime'>2015-04-05 16:46:16.000</Data><Data Name='PreviousCreationUtcTime'>2019-11-14 09:30:35.562</Data></EventData><RenderingInfo Culture='en-US'><Message>File creation time changed:
RuleName: 
UtcTime: 2019-11-14 09:30:35.562
ProcessGuid: {49926e27-1eba-5dcd-0000-0010c2722801}
ProcessId: 6304
Image: C:\Users\User\Downloads\AcrobatPortable\AcrobatPortable\AcrobatPortable.exe
TargetFilename: C:\Users\User\AppData\Local\Temp\3644dca_12a8VcA_0F09Bcc0.tmp\junction.exe
CreationUtcTime: 2015-04-05 16:46:16.000
PreviousCreationUtcTime: 2019-11-14 09:30:35.562</Message><Level>Information</Level><Task>File creation time changed (rule: FileCreateTime)</Task><Opcode>Info</Opcode><Channel></Channel><Provider></Provider><Keywords></Keywords></RenderingInfo></Event><Event xmlns='http://schemas.microsoft.com/win/2004/08/events/event'><System><Provider Name='Microsoft-Windows-Sysmon' Guid='{5770385f-c22a-43e0-bf4c-06f5698ffbd9}'/><EventID>11</EventID><Version>2</Version><Level>4</Level><Task>11</Task><Opcode>0</Opcode><Keywords>0x8000000000000000</Keywords><TimeCreated SystemTime='2019-11-14T09:30:35.577607200Z'/><EventRecordID>37353</EventRecordID><Correlation/><Execution ProcessID='2264' ThreadID='3080'/><Channel>Microsoft-Windows-Sysmon/Operational</Channel><Computer>WinDev1910Eval</Computer><Security UserID='S-1-5-18'/></System><EventData><Data Name='RuleName'></Data><Data Name='UtcTime'>2019-11-14 09:30:35.562</Data><Data Name='ProcessGuid'>{49926e27-1eba-5dcd-0000-0010c2722801}</Data><Data Name='ProcessId'>6304</Data><Data Name='Image'>C:\Users\User\Downloads\AcrobatPortable\AcrobatPortable\AcrobatPortable.exe</Data><Data Name='TargetFilename'>C:\Users\User\AppData\Local\Temp\3644dca_12a8VcA_0F09Bcc0.tmp\junction.exe</Data><Data Name='CreationUtcTime'>2019-11-14 09:30:35.562</Data></EventData><RenderingInfo Culture='en-US'><Message>File created:
RuleName: 
UtcTime: 2019-11-14 09:30:35.562
ProcessGuid: {49926e27-1eba-5dcd-0000-0010c2722801}
ProcessId: 6304
Image: C:\Users\User\Downloads\AcrobatPortable\AcrobatPortable\AcrobatPortable.exe
TargetFilename: C:\Users\User\AppData\Local\Temp\3644dca_12a8VcA_0F09Bcc0.tmp\junction.exe
CreationUtcTime: 2019-11-14 09:30:35.562</Message><Level>Information</Level><Task>File created (rule: FileCreate)</Task><Opcode>Info</Opcode><Channel></Channel><Provider></Provider><Keywords></Keywords></RenderingInfo></Event><Event xmlns='http://schemas.microsoft.com/win/2004/08/events/event'><System><Provider Name='Microsoft-Windows-Sysmon' Guid='{5770385f-c22a-43e0-bf4c-06f5698ffbd9}'/><EventID>11</EventID><Version>2</Version><Level>4</Level><Task>11</Task><Opcode>0</Opcode><Keywords>0x8000000000000000</Keywords><TimeCreated SystemTime='2019-11-14T09:30:35.527840900Z'/><EventRecordID>37352</EventRecordID><Correlation/><Execution ProcessID='2264' ThreadID='3080'/><Channel>Microsoft-Windows-Sysmon/Operational</Channel><Computer>WinDev1910Eval</Computer><Security UserID='S-1-5-18'/></System><EventData><Data Name='RuleName'></Data><Data Name='UtcTime'>2019-11-14 09:30:35.515</Data><Data Name='ProcessGuid'>{49926e27-1eba-5dcd-0000-0010c2722801}</Data><Data Name='ProcessId'>6304</Data><Data Name='Image'>C:\Users\User\Downloads\AcrobatPortable\AcrobatPortable\AcrobatPortable.exe</Data><Data Name='TargetFilename'>C:\Users\User\Downloads\AcrobatPortable\AcrobatPortable\Data\Plug-Ins.lnk</Data><Data Name='CreationUtcTime'>2019-11-14 08:00:12.852</Data></EventData><RenderingInfo Culture='en-US'><Message>File created:
RuleName: 
UtcTime: 2019-11-14 09:30:35.515
ProcessGuid: {49926e27-1eba-5dcd-0000-0010c2722801}
ProcessId: 6304
Image: C:\Users\User\Downloads\AcrobatPortable\AcrobatPortable\AcrobatPortable.exe
TargetFilename: C:\Users\User\Downloads\AcrobatPortable\AcrobatPortable\Data\Plug-Ins.lnk
CreationUtcTime: 2019-11-14 08:00:12.852</Message><Level>Information</Level><Task>File created (rule: FileCreate)</Task><Opcode>Info</Opcode><Channel></Channel><Provider></Provider><Keywords></Keywords></RenderingInfo></Event><Event xmlns='http://schemas.microsoft.com/win/2004/08/events/event'><System><Provider Name='Microsoft-Windows-Sysmon' Guid='{5770385f-c22a-43e0-bf4c-06f5698ffbd9}'/><EventID>11</EventID><Version>2</Version><Level>4</Level><Task>11</Task><Opcode>0</Opcode><Keywords>0x8000000000000000</Keywords><TimeCreated SystemTime='2019-11-14T09:30:35.507100500Z'/><EventRecordID>37351</EventRecordID><Correlation/><Execution ProcessID='2264' ThreadID='3080'/><Channel>Microsoft-Windows-Sysmon/Operational</Channel><Computer>WinDev1910Eval</Computer><Security UserID='S-1-5-18'/></System><EventData><Data Name='RuleName'></Data><Data Name='UtcTime'>2019-11-14 09:30:35.499</Data><Data Name='ProcessGuid'>{49926e27-1eba-5dcd-0000-0010c2722801}</Data><Data Name='ProcessId'>6304</Data><Data Name='Image'>C:\Users\User\Downloads\AcrobatPortable\AcrobatPortable\AcrobatPortable.exe</Data><Data Name='TargetFilename'>C:\Users\User\Downloads\AcrobatPortable\AcrobatPortable\Data\Locale.lnk</Data><Data Name='CreationUtcTime'>2019-11-14 08:00:11.400</Data></EventData><RenderingInfo Culture='en-US'><Message>File created:
RuleName: 
UtcTime: 2019-11-14 09:30:35.499
ProcessGuid: {49926e27-1eba-5dcd-0000-0010c2722801}
ProcessId: 6304
Image: C:\Users\User\Downloads\AcrobatPortable\AcrobatPortable\AcrobatPortable.exe
TargetFilename: C:\Users\User\Downloads\AcrobatPortable\AcrobatPortable\Data\Locale.lnk
CreationUtcTime: 2019-11-14 08:00:11.400</Message><Level>Information</Level><Task>File created (rule: FileCreate)</Task><Opcode>Info</Opcode><Channel></Channel><Provider></Provider><Keywords></Keywords></RenderingInfo></Event><Event xmlns='http://schemas.microsoft.com/win/2004/08/events/event'><System><Provider Name='Microsoft-Windows-Sysmon' Guid='{5770385f-c22a-43e0-bf4c-06f5698ffbd9}'/><EventID>11</EventID><Version>2</Version><Level>4</Level><Task>11</Task><Opcode>0</Opcode><Keywords>0x8000000000000000</Keywords><TimeCreated SystemTime='2019-11-14T09:30:35.486702100Z'/><EventRecordID>37350</EventRecordID><Correlation/><Execution ProcessID='2264' ThreadID='3080'/><Channel>Microsoft-Windows-Sysmon/Operational</Channel><Computer>WinDev1910Eval</Computer><Security UserID='S-1-5-18'/></System><EventData><Data Name='RuleName'></Data><Data Name='UtcTime'>2019-11-14 09:30:35.484</Data><Data Name='ProcessGuid'>{49926e27-1eba-5dcd-0000-0010c2722801}</Data><Data Name='ProcessId'>6304</Data><Data Name='Image'>C:\Users\User\Downloads\AcrobatPortable\AcrobatPortable\AcrobatPortable.exe</Data><Data Name='TargetFilename'>C:\Users\User\Downloads\AcrobatPortable\AcrobatPortable\Data\Dictionaries.lnk</Data><Data Name='CreationUtcTime'>2019-11-14 08:00:11.195</Data></EventData><RenderingInfo Culture='en-US'><Message>File created:
RuleName: 
UtcTime: 2019-11-14 09:30:35.484
ProcessGuid: {49926e27-1eba-5dcd-0000-0010c2722801}
ProcessId: 6304
Image: C:\Users\User\Downloads\AcrobatPortable\AcrobatPortable\AcrobatPortable.exe
TargetFilename: C:\Users\User\Downloads\AcrobatPortable\AcrobatPortable\Data\Dictionaries.lnk
CreationUtcTime: 2019-11-14 08:00:11.195</Message><Level>Information</Level><Task>File created (rule: FileCreate)</Task><Opcode>Info</Opcode><Channel></Channel><Provider></Provider><Keywords></Keywords></RenderingInfo></Event><Event xmlns='http://schemas.microsoft.com/win/2004/08/events/event'><System><Provider Name='Microsoft-Windows-Sysmon' Guid='{5770385f-c22a-43e0-bf4c-06f5698ffbd9}'/><EventID>11</EventID><Version>2</Version><Level>4</Level><Task>11</Task><Opcode>0</Opcode><Keywords>0x8000000000000000</Keywords><TimeCreated SystemTime='2019-11-14T09:30:35.411042200Z'/><EventRecordID>37349</EventRecordID><Correlation/><Execution ProcessID='2264' ThreadID='3080'/><Channel>Microsoft-Windows-Sysmon/Operational</Channel><Computer>WinDev1910Eval</Computer><Security UserID='S-1-5-18'/></System><EventData><Data Name='RuleName'></Data><Data Name='UtcTime'>2019-11-14 09:30:35.407</Data><Data Name='ProcessGuid'>{49926e27-1eba-5dcd-0000-0010c2722801}</Data><Data Name='ProcessId'>6304</Data><Data Name='Image'>C:\Users\User\Downloads\AcrobatPortable\AcrobatPortable\AcrobatPortable.exe</Data><Data Name='TargetFilename'>C:\Users\User\Downloads\AcrobatPortable\AcrobatPortable\Data\PortableApps.comLauncherRuntimeData-AcrobatPortable.ini</Data><Data Name='CreationUtcTime'>2019-11-14 09:30:35.407</Data></EventData><RenderingInfo Culture='en-US'><Message>File created:
RuleName: 
UtcTime: 2019-11-14 09:30:35.407
ProcessGuid: {49926e27-1eba-5dcd-0000-0010c2722801}
ProcessId: 6304
Image: C:\Users\User\Downloads\AcrobatPortable\AcrobatPortable\AcrobatPortable.exe
TargetFilename: C:\Users\User\Downloads\AcrobatPortable\AcrobatPortable\Data\PortableApps.comLauncherRuntimeData-AcrobatPortable.ini
CreationUtcTime: 2019-11-14 09:30:35.407</Message><Level>Information</Level><Task>File created (rule: FileCreate)</Task><Opcode>Info</Opcode><Channel></Channel><Provider></Provider><Keywords></Keywords></RenderingInfo></Event><Event xmlns='http://schemas.microsoft.com/win/2004/08/events/event'><System><Provider Name='Microsoft-Windows-Sysmon' Guid='{5770385f-c22a-43e0-bf4c-06f5698ffbd9}'/><EventID>1</EventID><Version>5</Version><Level>4</Level><Task>1</Task><Opcode>0</Opcode><Keywords>0x8000000000000000</Keywords><TimeCreated SystemTime='2019-11-14T09:30:34.839624800Z'/><EventRecordID>37348</EventRecordID><Correlation/><Execution ProcessID='2264' ThreadID='3080'/><Channel>Microsoft-Windows-Sysmon/Operational</Channel><Computer>WinDev1910Eval</Computer><Security UserID='S-1-5-18'/></System><EventData><Data Name='RuleName'></Data><Data Name='UtcTime'>2019-11-14 09:30:34.826</Data><Data Name='ProcessGuid'>{49926e27-1eba-5dcd-0000-0010c2722801}</Data><Data Name='ProcessId'>6304</Data><Data Name='Image'>C:\Users\User\Downloads\AcrobatPortable\AcrobatPortable\AcrobatPortable.exe</Data><Data Name='FileVersion'>15.009.20079.0</Data><Data Name='Description'>Adobe Acrobat DC Lite™</Data><Data Name='Product'>Adobe Acrobat DC Lite™</Data><Data Name='Company'>Adobe Systems Incorporated</Data><Data Name='OriginalFileName'>AcrobatPortable.exe</Data><Data Name='CommandLine'>"C:\Users\User\Downloads\AcrobatPortable\AcrobatPortable\AcrobatPortable.exe" /UAC:3207B0 /NCRC </Data><Data Name='CurrentDirectory'>C:\Users\User\Downloads\AcrobatPortable\AcrobatPortable\</Data><Data Name='User'>WINDEV1910EVAL\User</Data><Data Name='LogonGuid'>{49926e27-fdfa-5dcc-0000-0020b3530300}</Data><Data Name='LogonId'>0x353b3</Data><Data Name='TerminalSessionId'>1</Data><Data Name='IntegrityLevel'>High</Data><Data Name='Hashes'>MD5=67757B423F6EF54D3A5EABD2C7E8EBEA,SHA256=2CBD084A0C4F606D52B29411CDD5A67E96E360751D0724B9E6E0EFAD1939D64E</Data><Data Name='ParentProcessGuid'>{49926e27-1eb7-5dcd-0000-00102b342801}</Data><Data Name='ParentProcessId'>5496</Data><Data Name='ParentImage'>C:\Users\User\Downloads\AcrobatPortable\AcrobatPortable\AcrobatPortable.exe</Data><Data Name='ParentCommandLine'>"C:\Users\User\Downloads\AcrobatPortable\AcrobatPortable\AcrobatPortable.exe" </Data></EventData><RenderingInfo Culture='en-US'><Message>Process Create:
RuleName: 
UtcTime: 2019-11-14 09:30:34.826
ProcessGuid: {49926e27-1eba-5dcd-0000-0010c2722801}
ProcessId: 6304
Image: C:\Users\User\Downloads\AcrobatPortable\AcrobatPortable\AcrobatPortable.exe
FileVersion: 15.009.20079.0
Description: Adobe Acrobat DC Lite™
Product: Adobe Acrobat DC Lite™
Company: Adobe Systems Incorporated
OriginalFileName: AcrobatPortable.exe
CommandLine: "C:\Users\User\Downloads\AcrobatPortable\AcrobatPortable\AcrobatPortable.exe" /UAC:3207B0 /NCRC 
CurrentDirectory: C:\Users\User\Downloads\AcrobatPortable\AcrobatPortable\
User: WINDEV1910EVAL\User
LogonGuid: {49926e27-fdfa-5dcc-0000-0020b3530300}
LogonId: 0x353B3
TerminalSessionId: 1
IntegrityLevel: High
Hashes: MD5=67757B423F6EF54D3A5EABD2C7E8EBEA,SHA256=2CBD084A0C4F606D52B29411CDD5A67E96E360751D0724B9E6E0EFAD1939D64E
ParentProcessGuid: {49926e27-1eb7-5dcd-0000-00102b342801}
ParentProcessId: 5496
ParentImage: C:\Users\User\Downloads\AcrobatPortable\AcrobatPortable\AcrobatPortable.exe
ParentCommandLine: "C:\Users\User\Downloads\AcrobatPortable\AcrobatPortable\AcrobatPortable.exe" </Message><Level>Information</Level><Task>Process Create (rule: ProcessCreate)</Task><Opcode>Info</Opcode><Channel></Channel><Provider></Provider><Keywords></Keywords></RenderingInfo></Event><Event xmlns='http://schemas.microsoft.com/win/2004/08/events/event'><System><Provider Name='Microsoft-Windows-Sysmon' Guid='{5770385f-c22a-43e0-bf4c-06f5698ffbd9}'/><EventID>1</EventID><Version>5</Version><Level>4</Level><Task>1</Task><Opcode>0</Opcode><Keywords>0x8000000000000000</Keywords><TimeCreated SystemTime='2019-11-14T09:30:32.570634700Z'/><EventRecordID>37347</EventRecordID><Correlation/><Execution ProcessID='2264' ThreadID='3080'/><Channel>Microsoft-Windows-Sysmon/Operational</Channel><Computer>WinDev1910Eval</Computer><Security UserID='S-1-5-18'/></System><EventData><Data Name='RuleName'></Data><Data Name='UtcTime'>2019-11-14 09:30:32.561</Data><Data Name='ProcessGuid'>{49926e27-1eb8-5dcd-0000-001087482801}</Data><Data Name='ProcessId'>3492</Data><Data Name='Image'>C:\Windows\System32\consent.exe</Data><Data Name='FileVersion'>10.0.18362.1 (WinBuild.160101.0800)</Data><Data Name='Description'>Consent UI for administrative applications</Data><Data Name='Product'>Microsoft® Windows® Operating System</Data><Data Name='Company'>Microsoft Corporation</Data><Data Name='OriginalFileName'>consent.exe</Data><Data Name='CommandLine'>consent.exe 1012 612 0000014ACBF772D0</Data><Data Name='CurrentDirectory'>C:\Windows\system32\</Data><Data Name='User'>NT AUTHORITY\SYSTEM</Data><Data Name='LogonGuid'>{49926e27-9899-5dcd-0000-0020e7030000}</Data><Data Name='LogonId'>0x3e7</Data><Data Name='TerminalSessionId'>1</Data><Data Name='IntegrityLevel'>System</Data><Data Name='Hashes'>MD5=EE2A1C85C472F89B146CC8EE598CCCBC,SHA256=19FD0010DA92B654D1CA270247061A39EA13C0A58529FD8257A97E2EF7794911</Data><Data Name='ParentProcessGuid'>{00000000-0000-0000-0000-000000000000}</Data><Data Name='ParentProcessId'>1012</Data><Data Name='ParentImage'>?</Data><Data Name='ParentCommandLine'>?</Data></EventData><RenderingInfo Culture='en-US'><Message>Process Create:
RuleName: 
UtcTime: 2019-11-14 09:30:32.561
ProcessGuid: {49926e27-1eb8-5dcd-0000-001087482801}
ProcessId: 3492
Image: C:\Windows\System32\consent.exe
FileVersion: 10.0.18362.1 (WinBuild.160101.0800)
Description: Consent UI for administrative applications
Product: Microsoft® Windows® Operating System
Company: Microsoft Corporation
OriginalFileName: consent.exe
CommandLine: consent.exe 1012 612 0000014ACBF772D0
CurrentDirectory: C:\Windows\system32\
User: NT AUTHORITY\SYSTEM
LogonGuid: {49926e27-9899-5dcd-0000-0020e7030000}
LogonId: 0x3E7
TerminalSessionId: 1
IntegrityLevel: System
Hashes: MD5=EE2A1C85C472F89B146CC8EE598CCCBC,SHA256=19FD0010DA92B654D1CA270247061A39EA13C0A58529FD8257A97E2EF7794911
ParentProcessGuid: {00000000-0000-0000-0000-000000000000}
ParentProcessId: 1012
ParentImage: ?
ParentCommandLine: ?</Message><Level>Information</Level><Task>Process Create (rule: ProcessCreate)</Task><Opcode>Info</Opcode><Channel></Channel><Provider></Provider><Keywords></Keywords></RenderingInfo></Event><Event xmlns='http://schemas.microsoft.com/win/2004/08/events/event'><System><Provider Name='Microsoft-Windows-Sysmon' Guid='{5770385f-c22a-43e0-bf4c-06f5698ffbd9}'/><EventID>1</EventID><Version>5</Version><Level>4</Level><Task>1</Task><Opcode>0</Opcode><Keywords>0x8000000000000000</Keywords><TimeCreated SystemTime='2019-11-14T09:30:32.009403800Z'/><EventRecordID>37346</EventRecordID><Correlation/><Execution ProcessID='2264' ThreadID='3080'/><Channel>Microsoft-Windows-Sysmon/Operational</Channel><Computer>WinDev1910Eval</Computer><Security UserID='S-1-5-18'/></System><EventData><Data Name='RuleName'></Data><Data Name='UtcTime'>2019-11-14 09:30:31.997</Data><Data Name='ProcessGuid'>{49926e27-1eb7-5dcd-0000-00102b342801}</Data><Data Name='ProcessId'>5496</Data><Data Name='Image'>C:\Users\User\Downloads\AcrobatPortable\AcrobatPortable\AcrobatPortable.exe</Data><Data Name='FileVersion'>15.009.20079.0</Data><Data Name='Description'>Adobe Acrobat DC Lite™</Data><Data Name='Product'>Adobe Acrobat DC Lite™</Data><Data Name='Company'>Adobe Systems Incorporated</Data><Data Name='OriginalFileName'>AcrobatPortable.exe</Data><Data Name='CommandLine'>"C:\Users\User\Downloads\AcrobatPortable\AcrobatPortable\AcrobatPortable.exe" </Data><Data Name='CurrentDirectory'>C:\Users\User\Downloads\AcrobatPortable\AcrobatPortable\</Data><Data Name='User'>WINDEV1910EVAL\User</Data><Data Name='LogonGuid'>{49926e27-fdfa-5dcc-0000-0020e1530300}</Data><Data Name='LogonId'>0x353e1</Data><Data Name='TerminalSessionId'>1</Data><Data Name='IntegrityLevel'>Medium</Data><Data Name='Hashes'>MD5=67757B423F6EF54D3A5EABD2C7E8EBEA,SHA256=2CBD084A0C4F606D52B29411CDD5A67E96E360751D0724B9E6E0EFAD1939D64E</Data><Data Name='ParentProcessGuid'>{49926e27-fe01-5dcc-0000-0010f9490400}</Data><Data Name='ParentProcessId'>3468</Data><Data Name='ParentImage'>C:\Windows\explorer.exe</Data><Data Name='ParentCommandLine'>C:\Windows\Explorer.EXE</Data></EventData><RenderingInfo Culture='en-US'><Message>Process Create:
RuleName: 
UtcTime: 2019-11-14 09:30:31.997
ProcessGuid: {49926e27-1eb7-5dcd-0000-00102b342801}
ProcessId: 5496
Image: C:\Users\User\Downloads\AcrobatPortable\AcrobatPortable\AcrobatPortable.exe
FileVersion: 15.009.20079.0
Description: Adobe Acrobat DC Lite™
Product: Adobe Acrobat DC Lite™
Company: Adobe Systems Incorporated
OriginalFileName: AcrobatPortable.exe
CommandLine: "C:\Users\User\Downloads\AcrobatPortable\AcrobatPortable\AcrobatPortable.exe" 
CurrentDirectory: C:\Users\User\Downloads\AcrobatPortable\AcrobatPortable\
User: WINDEV1910EVAL\User
LogonGuid: {49926e27-fdfa-5dcc-0000-0020e1530300}
LogonId: 0x353E1
TerminalSessionId: 1
IntegrityLevel: Medium
Hashes: MD5=67757B423F6EF54D3A5EABD2C7E8EBEA,SHA256=2CBD084A0C4F606D52B29411CDD5A67E96E360751D0724B9E6E0EFAD1939D64E
ParentProcessGuid: {49926e27-fe01-5dcc-0000-0010f9490400}
ParentProcessId: 3468
ParentImage: C:\Windows\explorer.exe
ParentCommandLine: C:\Windows\Explorer.EXE</Message><Level>Information</Level><Task>Process Create (rule: ProcessCreate)</Task><Opcode>Info</Opcode><Channel></Channel><Provider></Provider><Keywords></Keywords></RenderingInfo></Event></Events>